Installing Apache HTTP 2.0 server with
 DomainName =    ads.autodesk.com
 ServerName =    Cal12365759.ads.autodesk.com
 ServerAdmin =   admin@ads.autodesk.com
 ServerPort =    8080
 ServerSslPort = 8080
 ServerRoot =    C:/Program Files/Apache Software Foundation/Apache2.2
Rewrote C:/Program Files/Apache Software Foundation/Apache2.2/conf/default/httpd-autoindex.conf.in
 to C:/Program Files/Apache Software Foundation/Apache2.2/conf/default/httpd-autoindex.conf
Successfully removed C:\Program Files\Apache Software Foundation\Apache2.2\conf\default\httpd-autoindex.conf.in
Rewrote C:/Program Files/Apache Software Foundation/Apache2.2/conf/default/httpd-vhosts.conf.in
 to C:/Program Files/Apache Software Foundation/Apache2.2/conf/default/httpd-vhosts.conf
Successfully removed C:\Program Files\Apache Software Foundation\Apache2.2\conf\default\httpd-vhosts.conf.in
Rewrote C:/Program Files/Apache Software Foundation/Apache2.2/conf/default/httpd-default.conf.in
 to C:/Program Files/Apache Software Foundation/Apache2.2/conf/default/httpd-default.conf
Successfully removed C:\Program Files\Apache Software Foundation\Apache2.2\conf\default\httpd-default.conf.in
Rewrote C:/Program Files/Apache Software Foundation/Apache2.2/conf/default/httpd-manual.conf.in
 to C:/Program Files/Apache Software Foundation/Apache2.2/conf/default/httpd-manual.conf
Successfully removed C:\Program Files\Apache Software Foundation\Apache2.2\conf\default\httpd-manual.conf.in
Rewrote C:/Program Files/Apache Software Foundation/Apache2.2/conf/default/httpd-mpm.conf.in
 to C:/Program Files/Apache Software Foundation/Apache2.2/conf/default/httpd-mpm.conf
Successfully removed C:\Program Files\Apache Software Foundation\Apache2.2\conf\default\httpd-mpm.conf.in
Rewrote C:/Program Files/Apache Software Foundation/Apache2.2/conf/default/httpd-info.conf.in
 to C:/Program Files/Apache Software Foundation/Apache2.2/conf/default/httpd-info.conf
Successfully removed C:\Program Files\Apache Software Foundation\Apache2.2\conf\default\httpd-info.conf.in
Rewrote C:/Program Files/Apache Software Foundation/Apache2.2/conf/default/httpd-dav.conf.in
 to C:/Program Files/Apache Software Foundation/Apache2.2/conf/default/httpd-dav.conf
Successfully removed C:\Program Files\Apache Software Foundation\Apache2.2\conf\default\httpd-dav.conf.in
Rewrote C:/Program Files/Apache Software Foundation/Apache2.2/conf/default/httpd-languages.conf.in
 to C:/Program Files/Apache Software Foundation/Apache2.2/conf/default/httpd-languages.conf
Successfully removed C:\Program Files\Apache Software Foundation\Apache2.2\conf\default\httpd-languages.conf.in
Rewrote C:/Program Files/Apache Software Foundation/Apache2.2/conf/default/httpd-win.conf
 to C:/Program Files/Apache Software Foundation/Apache2.2/conf/default/httpd.conf
Successfully removed C:\Program Files\Apache Software Foundation\Apache2.2\conf\default\httpd-win.conf
Rewrote C:/Program Files/Apache Software Foundation/Apache2.2/conf/default/httpd-userdir.conf.in
 to C:/Program Files/Apache Software Foundation/Apache2.2/conf/default/httpd-userdir.conf
Successfully removed C:\Program Files\Apache Software Foundation\Apache2.2\conf\default\httpd-userdir.conf.in
Rewrote C:/Program Files/Apache Software Foundation/Apache2.2/conf/default/httpd-ssl.conf.in
 to C:/Program Files/Apache Software Foundation/Apache2.2/conf/default/httpd-ssl.conf
Successfully removed C:\Program Files\Apache Software Foundation\Apache2.2\conf\default\httpd-ssl.conf.in
Rewrote C:/Program Files/Apache Software Foundation/Apache2.2/conf/default/httpd-multilang-errordoc.conf.in
 to C:/Program Files/Apache Software Foundation/Apache2.2/conf/default/httpd-multilang-errordoc.conf
Successfully removed C:\Program Files\Apache Software Foundation\Apache2.2\conf\default\httpd-multilang-errordoc.conf.in
Duplicated C:/Program Files/Apache Software Foundation/Apache2.2/conf/default/magic
 to C:/Program Files/Apache Software Foundation/Apache2.2/conf/magic
Duplicated C:/Program Files/Apache Software Foundation/Apache2.2/conf/default/httpd-autoindex.conf
 to C:/Program Files/Apache Software Foundation/Apache2.2/conf/extra/httpd-autoindex.conf
Duplicated C:/Program Files/Apache Software Foundation/Apache2.2/conf/default/httpd-vhosts.conf
 to C:/Program Files/Apache Software Foundation/Apache2.2/conf/extra/httpd-vhosts.conf
Duplicated C:/Program Files/Apache Software Foundation/Apache2.2/conf/default/httpd-default.conf
 to C:/Program Files/Apache Software Foundation/Apache2.2/conf/extra/httpd-default.conf
Duplicated C:/Program Files/Apache Software Foundation/Apache2.2/conf/default/mime.types
 to C:/Program Files/Apache Software Foundation/Apache2.2/conf/mime.types
Duplicated C:/Program Files/Apache Software Foundation/Apache2.2/conf/default/charset.conv
 to C:/Program Files/Apache Software Foundation/Apache2.2/conf/charset.conv
Duplicated C:/Program Files/Apache Software Foundation/Apache2.2/conf/default/httpd-manual.conf
 to C:/Program Files/Apache Software Foundation/Apache2.2/conf/extra/httpd-manual.conf
Duplicated C:/Program Files/Apache Software Foundation/Apache2.2/conf/default/httpd-mpm.conf
 to C:/Program Files/Apache Software Foundation/Apache2.2/conf/extra/httpd-mpm.conf
Duplicated C:/Program Files/Apache Software Foundation/Apache2.2/conf/default/httpd-info.conf
 to C:/Program Files/Apache Software Foundation/Apache2.2/conf/extra/httpd-info.conf
Duplicated C:/Program Files/Apache Software Foundation/Apache2.2/conf/default/httpd-dav.conf
 to C:/Program Files/Apache Software Foundation/Apache2.2/conf/extra/httpd-dav.conf
Duplicated C:/Program Files/Apache Software Foundation/Apache2.2/conf/default/httpd-languages.conf
 to C:/Program Files/Apache Software Foundation/Apache2.2/conf/extra/httpd-languages.conf
Duplicated C:/Program Files/Apache Software Foundation/Apache2.2/conf/default/httpd.conf
 to C:/Program Files/Apache Software Foundation/Apache2.2/conf/httpd.conf
Duplicated C:/Program Files/Apache Software Foundation/Apache2.2/conf/default/httpd-userdir.conf
 to C:/Program Files/Apache Software Foundation/Apache2.2/conf/extra/httpd-userdir.conf
Duplicated C:/Program Files/Apache Software Foundation/Apache2.2/conf/default/httpd-ssl.conf
 to C:/Program Files/Apache Software Foundation/Apache2.2/conf/extra/httpd-ssl.conf
Duplicated C:/Program Files/Apache Software Foundation/Apache2.2/conf/default/httpd-multilang-errordoc.conf
 to C:/Program Files/Apache Software Foundation/Apache2.2/conf/extra/httpd-multilang-errordoc.conf
Successfully removed C:\Program Files\Apache Software Foundation\Apache2.2\conf\default\InstallConf22.awk
