Installing Apache HTTP 2.0 server with
 DomainName =    example.com
 ServerName =    www.example.com
 ServerAdmin =   admin@example.com
 ServerPort =    80
 ServerSslPort = 80
 ServerRoot =    /Apache22sni6
Rewrote docs/conf/extra/httpd-autoindex.conf.in
 to /Apache22sni6/conf/original/extra/httpd-autoindex.conf
Rewrote docs/conf/extra/httpd-default.conf.in
 to /Apache22sni6/conf/original/extra/httpd-default.conf
Rewrote docs/conf/extra/httpd-ssl.conf.in
 to /Apache22sni6/conf/original/extra/httpd-ssl.conf
Rewrote docs/conf/extra/httpd-multilang-errordoc.conf.in
 to /Apache22sni6/conf/original/extra/httpd-multilang-errordoc.conf
Rewrote docs/conf/extra/httpd-info.conf.in
 to /Apache22sni6/conf/original/extra/httpd-info.conf
Rewrote docs/conf/extra/httpd-userdir.conf.in
 to /Apache22sni6/conf/original/extra/httpd-userdir.conf
Rewrote docs/conf/extra/httpd-mpm.conf.in
 to /Apache22sni6/conf/original/extra/httpd-mpm.conf
Rewrote docs/conf/httpd.conf.in
 to /Apache22sni6/conf/original/httpd.conf
Rewrote docs/conf/extra/httpd-vhosts.conf.in
 to /Apache22sni6/conf/original/extra/httpd-vhosts.conf
Rewrote docs/conf/extra/httpd-dav.conf.in
 to /Apache22sni6/conf/original/extra/httpd-dav.conf
Rewrote docs/conf/extra/httpd-languages.conf.in
 to /Apache22sni6/conf/original/extra/httpd-languages.conf
Rewrote docs/conf/extra/httpd-manual.conf.in
 to /Apache22sni6/conf/original/extra/httpd-manual.conf
Existing file /Apache22sni6/conf/extra/httpd-autoindex.conf preserved
Existing file /Apache22sni6/conf/extra/httpd-default.conf preserved
Existing file /Apache22sni6/conf/extra/httpd-ssl.conf preserved
Existing file /Apache22sni6/conf/extra/httpd-multilang-errordoc.conf preserved
Existing file /Apache22sni6/conf/extra/httpd-info.conf preserved
Existing file /Apache22sni6/conf/extra/httpd-userdir.conf preserved
Existing file /Apache22sni6/conf/extra/httpd-mpm.conf preserved
Existing file /Apache22sni6/conf/httpd.conf preserved
Existing file /Apache22sni6/conf/magic preserved
Existing file /Apache22sni6/conf/charset.conv preserved
Existing file /Apache22sni6/conf/extra/httpd-vhosts.conf preserved
Existing file /Apache22sni6/conf/extra/httpd-dav.conf preserved
Existing file /Apache22sni6/conf/mime.types preserved
Existing file /Apache22sni6/conf/extra/httpd-languages.conf preserved
Existing file /Apache22sni6/conf/extra/httpd-manual.conf preserved
